\BOOKMARK [1][-]{section.1}{Introduction}{}% 1
\BOOKMARK [2][-]{subsection.1.1}{Technical issues}{section.1}% 2
\BOOKMARK [1][-]{section.2}{Related work}{}% 3
\BOOKMARK [1][-]{section.3}{MyDF Ontology}{}% 4
\BOOKMARK [1][-]{section.4}{Storyworld entities}{}% 5
\BOOKMARK [2][-]{subsection.4.1}{Story characters}{section.4}% 6
\BOOKMARK [2][-]{subsection.4.2}{Story objects}{section.4}% 7
\BOOKMARK [2][-]{subsection.4.3}{Story places}{section.4}% 8
\BOOKMARK [2][-]{subsection.4.4}{Story actions}{section.4}% 9
\BOOKMARK [2][-]{subsection.4.5}{Story events}{section.4}% 10
\BOOKMARK [1][-]{section.5}{Stage entities}{}% 11
\BOOKMARK [2][-]{subsection.5.1}{Stage actors}{section.5}% 12
\BOOKMARK [2][-]{subsection.5.2}{Stage props}{section.5}% 13
\BOOKMARK [2][-]{subsection.5.3}{Stage locations}{section.5}% 14
\BOOKMARK [2][-]{subsection.5.4}{Stage actions}{section.5}% 15
\BOOKMARK [2][-]{subsection.5.5}{Stage events}{section.5}% 16
\BOOKMARK [1][-]{section.6}{Performing play scripts}{}% 17
\BOOKMARK [2][-]{subsection.6.1}{Decorating the stage}{section.6}% 18
\BOOKMARK [2][-]{subsection.6.2}{Casting actors}{section.6}% 19
\BOOKMARK [2][-]{subsection.6.3}{Directing actors}{section.6}% 20
\BOOKMARK [1][-]{section.7}{Filming performances}{}% 21
\BOOKMARK [2][-]{subsection.7.1}{Screen events}{section.7}% 22
\BOOKMARK [2][-]{subsection.7.2}{Screen actions}{section.7}% 23
\BOOKMARK [2][-]{subsection.7.3}{Screen locations}{section.7}% 24
\BOOKMARK [1][-]{section.8}{Experimental results}{}% 25
\BOOKMARK [1][-]{section.9}{Limitations and future work}{}% 26
\BOOKMARK [1][-]{section.10}{Conclusion}{}% 27
